execve("./threads-adress", ["./threads-adress"], 0x7ffd0ab54650 /* 36 vars */) = 0
brk(NULL)                               = 0x5e721b7e3000
mmap(NULL, 8192, PROT_READ|PROT_WRITE, MAP_PRIVATE|MAP_ANONYMOUS, -1, 0) = 0x7efbb4dd6000
access("/etc/ld.so.preload", R_OK)      = -1 ENOENT (No such file or directory)
openat(AT_FDCWD, "/etc/ld.so.cache", O_RDONLY|O_CLOEXEC) = 3
fstat(3, {st_mode=S_IFREG|0644, st_size=20231, ...}) = 0
mmap(NULL, 20231, PROT_READ, MAP_PRIVATE, 3, 0) = 0x7efbb4dd1000
close(3)                                = 0
openat(AT_FDCWD, "/lib/x86_64-linux-gnu/libc.so.6", O_RDONLY|O_CLOEXEC) = 3
read(3, "\177ELF\2\1\1\3\0\0\0\0\0\0\0\0\3\0>\0\1\0\0\0\220\243\2\0\0\0\0\0"..., 832) = 832
pread64(3, "\6\0\0\0\4\0\0\0@\0\0\0\0\0\0\0@\0\0\0\0\0\0\0@\0\0\0\0\0\0\0"..., 784, 64) = 784
fstat(3, {st_mode=S_IFREG|0755, st_size=2125328, ...}) = 0
pread64(3, "\6\0\0\0\4\0\0\0@\0\0\0\0\0\0\0@\0\0\0\0\0\0\0@\0\0\0\0\0\0\0"..., 784, 64) = 784
mmap(NULL, 2170256, PROT_READ, MAP_PRIVATE|MAP_DENYWRITE, 3, 0) = 0x7efbb4a00000
mmap(0x7efbb4a28000, 1605632, PROT_READ|PROT_EXEC, MAP_PRIVATE|MAP_FIXED|MAP_DENYWRITE, 3, 0x28000) = 0x7efbb4a28000
mmap(0x7efbb4bb0000, 323584, PROT_READ, MAP_PRIVATE|MAP_FIXED|MAP_DENYWRITE, 3, 0x1b0000) = 0x7efbb4bb0000
mmap(0x7efbb4bff000, 24576, PROT_READ|PROT_WRITE, MAP_PRIVATE|MAP_FIXED|MAP_DENYWRITE, 3, 0x1fe000) = 0x7efbb4bff000
mmap(0x7efbb4c05000, 52624, PROT_READ|PROT_WRITE, MAP_PRIVATE|MAP_FIXED|MAP_ANONYMOUS, -1, 0) = 0x7efbb4c05000
close(3)                                = 0
mmap(NULL, 12288, PROT_READ|PROT_WRITE, MAP_PRIVATE|MAP_ANONYMOUS, -1, 0) = 0x7efbb4dce000
arch_prctl(ARCH_SET_FS, 0x7efbb4dce740) = 0
set_tid_address(0x7efbb4dcea10)         = 169011
set_robust_list(0x7efbb4dcea20, 24)     = 0
rseq(0x7efbb4dcf060, 0x20, 0, 0x53053053) = 0
mprotect(0x7efbb4bff000, 16384, PROT_READ) = 0
mprotect(0x5e71de7d5000, 4096, PROT_READ) = 0
mprotect(0x7efbb4e0e000, 8192, PROT_READ) = 0
prlimit64(0, RLIMIT_STACK, NULL, {rlim_cur=8192*1024, rlim_max=RLIM64_INFINITY}) = 0
munmap(0x7efbb4dd1000, 20231)           = 0
rt_sigaction(SIGRT_1, {sa_handler=0x7efbb4a99530, sa_mask=[], sa_flags=SA_RESTORER|SA_ONSTACK|SA_RESTART|SA_SIGINFO, sa_restorer=0x7efbb4a45330}, NULL, 8) = 0
rt_sigprocmask(SIG_UNBLOCK, [RTMIN RT_1], NULL, 8) = 0
mmap(NULL, 8392704, PROT_NONE, MAP_PRIVATE|MAP_ANONYMOUS|MAP_STACK, -1, 0) = 0x7efbb41ff000
mprotect(0x7efbb4200000, 8388608, PROT_READ|PROT_WRITE) = 0
getrandom("\x9b\x4d\xe2\x18\x91\xb3\xa5\xa0", 8, GRND_NONBLOCK) = 8
brk(NULL)                               = 0x5e721b7e3000
brk(0x5e721b804000)                     = 0x5e721b804000
rt_sigprocmask(SIG_BLOCK, ~[], [], 8)   = 0
clone3({flags=CLONE_VM|CLONE_FS|CLONE_FILES|CLONE_SIGHAND|CLONE_THREAD|CLONE_SYSVSEM|CLONE_SETTLS|CLONE_PARENT_SETTID|CLONE_CHILD_CLEARTID, child_tid=0x7efbb49ff990, parent_tid=0x7efbb49ff990, exit_signal=0, stack=0x7efbb41ff000, stack_size=0x7fff80, tls=0x7efbb49ff6c0} => {parent_tid=[169012]}, 88) = 169012
rt_sigprocmask(SIG_SETMASK, [], NULL, 8) = 0
mmap(NULL, 8392704, PROT_NONE, MAP_PRIVATE|MAP_ANONYMOUS|MAP_STACK, -1, 0) = 0x7efbaf7ff000
mprotect(0x7efbaf800000, 8388608, PROT_READ|PROT_WRITE) = 0
rt_sigprocmask(SIG_BLOCK, ~[], [], 8)   = 0
clone3({flags=CLONE_VM|CLONE_FS|CLONE_FILES|CLONE_SIGHAND|CLONE_THREAD|CLONE_SYSVSEM|CLONE_SETTLS|CLONE_PARENT_SETTID|CLONE_CHILD_CLEARTID, child_tid=0x7efbaffff990, parent_tid=0x7efbaffff990, exit_signal=0, stack=0x7efbaf7ff000, stack_size=0x7fff80, tls=0x7efbaffff6c0} => {parent_tid=[0]}, 88) = 169013
rt_sigprocmask(SIG_SETMASK, [], NULL, 8) = 0
mmap(NULL, 8392704, PROT_NONE, MAP_PRIVATE|MAP_ANONYMOUS|MAP_STACK, -1, 0) = 0x7efbaeffe000
mprotect(0x7efbaefff000, 8388608, PROT_READ|PROT_WRITE) = 0
rt_sigprocmask(SIG_BLOCK, ~[], [], 8)   = 0
clone3({flags=CLONE_VM|CLONE_FS|CLONE_FILES|CLONE_SIGHAND|CLONE_THREAD|CLONE_SYSVSEM|CLONE_SETTLS|CLONE_PARENT_SETTID|CLONE_CHILD_CLEARTID, child_tid=0x7efbaf7fe990, parent_tid=0x7efbaf7fe990, exit_signal=0, stack=0x7efbaeffe000, stack_size=0x7fff80, tls=0x7efbaf7fe6c0} => {parent_tid=[0]}, 88) = 169014
rt_sigprocmask(SIG_SETMASK, [], NULL, 8) = 0
mmap(NULL, 8392704, PROT_NONE, MAP_PRIVATE|MAP_ANONYMOUS|MAP_STACK, -1, 0) = 0x7efbae7fd000
mprotect(0x7efbae7fe000, 8388608, PROT_READ|PROT_WRITE) = 0
rt_sigprocmask(SIG_BLOCK, ~[], [], 8)   = 0
clone3({flags=CLONE_VM|CLONE_FS|CLONE_FILES|CLONE_SIGHAND|CLONE_THREAD|CLONE_SYSVSEM|CLONE_SETTLS|CLONE_PARENT_SETTID|CLONE_CHILD_CLEARTID, child_tid=0x7efbaeffd990, parent_tid=0x7efbaeffd990, exit_signal=0, stack=0x7efbae7fd000, stack_size=0x7fff80, tls=0x7efbaeffd6c0} => {parent_tid=[0]}, 88) = 169015
rt_sigprocmask(SIG_SETMASK, [], NULL, 8) = 0
mmap(NULL, 8392704, PROT_NONE, MAP_PRIVATE|MAP_ANONYMOUS|MAP_STACK, -1, 0) = 0x7efbadffc000
mprotect(0x7efbadffd000, 8388608, PROT_READ|PROT_WRITE) = 0
rt_sigprocmask(SIG_BLOCK, ~[], [], 8)   = 0
clone3({flags=CLONE_VM|CLONE_FS|CLONE_FILES|CLONE_SIGHAND|CLONE_THREAD|CLONE_SYSVSEM|CLONE_SETTLS|CLONE_PARENT_SETTID|CLONE_CHILD_CLEARTID, child_tid=0x7efbae7fc990, parent_tid=0x7efbae7fc990, exit_signal=0, stack=0x7efbadffc000, stack_size=0x7fff80, tls=0x7efbae7fc6c0} => {parent_tid=[0]}, 88) = 169016
rt_sigprocmask(SIG_SETMASK, [], NULL, 8) = 0
munmap(0x7efbb41ff000, 8392704)         = 0
write(1, "Thread 1 IDs: PID=169011, PPID=1"..., 1210) = 1210
exit_group(0)                           = ?
+++ exited with 0 +++
